<?xml version="1.0" encoding="UTF-8"?>
<testsuite xmlns:xsi="http://www.w3.org/2001/XMLSchema-instance" xsi:noNamespaceSchemaLocation="https://maven.apache.org/surefire/maven-surefire-plugin/xsd/surefire-test-report-3.0.xsd" version="3.0" name="com.wpmanager.models.author.E2EAuthorTest$DeleteAuthorTest" time="11.352" tests="9" errors="0" skipped="0" failures="0">
  <properties>
[...]
</properties>
  <testcase name="deleteAuthorUnAuthenticated_ShouldFail" classname="com.wpmanager.models.author.E2EAuthorTest$DeleteAuthorTest" time="0.629">
    <system-out><![CDATA[22:28:05.708 [main] INFO org.springframework.test.context.support.AnnotationConfigContextLoaderUtils -- Could not detect default configuration classes for test class [com.wpmanager.models.author.E2EAuthorTest]: E2EAuthorTest does not declare any static, non-private, non-final, nested classes annotated with @Configuration.
22:28:05.910 [main] INFO org.springframework.boot.test.context.SpringBootTestContextBootstrapper -- Found @SpringBootConfiguration com.wpmanager.WpmanagerApplication for test class com.wpmanager.models.author.E2EAuthorTest
22:28:06.032 [main] INFO org.springframework.test.context.support.AnnotationConfigContextLoaderUtils -- Could not detect default configuration classes for test class [com.wpmanager.models.author.E2EAuthorTest$DeleteAuthorTest]: DeleteAuthorTest does not declare any static, non-private, non-final, nested classes annotated with @Configuration.
22:28:06.040 [main] INFO org.springframework.boot.test.context.SpringBootTestContextBootstrapper -- Found @SpringBootConfiguration com.wpmanager.WpmanagerApplication for test class com.wpmanager.models.author.E2EAuthorTest$DeleteAuthorTest
22:28:06.094 [main] INFO org.springframework.boot.devtools.restart.RestartApplicationListener -- Restart disabled due to context in which it is running

  .   ____          _            __ _ _
 /\\ / ___'_ __ _ _(_)_ __  __ _ \ \ \ \
( ( )\___ | '_ | '_| | '_ \/ _` | \ \ \ \
 \\/  ___)| |_)| | | | | || (_| |  ) ) ) )
  '  |____| .__|_| |_|_| |_\__, | / / / /
 =========|_|==============|___/=/_/_/_/

 :: Spring Boot ::                (v3.4.1)

2025-10-29T22:28:06.394+01:00  INFO 11760 --- [wpmanager-test] [           main] c.wpmanager.models.author.E2EAuthorTest  : Starting E2EAuthorTest using Java 21.0.8 with PID 11760 (started by jlievano in /home/jlievano/Dropbox/CodeProjects/wp-manager/java-bk/wpmanager)
2025-10-29T22:28:06.396+01:00  INFO 11760 --- [wpmanager-test] [           main] c.wpmanager.models.author.E2EAuthorTest  : The following 1 profile is active: "test"
2025-10-29T22:28:07.645+01:00  INFO 11760 --- [wpmanager-test] [           main] .s.d.r.c.RepositoryConfigurationDelegate : Multiple Spring Data modules found, entering strict repository configuration mode
2025-10-29T22:28:07.646+01:00  INFO 11760 --- [wpmanager-test] [           main] .s.d.r.c.RepositoryConfigurationDelegate : Bootstrapping Spring Data JDBC repositories in DEFAULT mode.
2025-10-29T22:28:07.702+01:00  INFO 11760 --- [wpmanager-test] [           main] .RepositoryConfigurationExtensionSupport : Spring Data JDBC - Could not safely identify store assignment for repository candidate interface com.wpmanager.models.downloads.author.AuthorRepository; If you want this repository to be a JDBC repository, consider annotating your entities with one of these annotations: org.springframework.data.relational.core.mapping.Table.
2025-10-29T22:28:07.703+01:00  INFO 11760 --- [wpmanager-test] [           main] .RepositoryConfigurationExtensionSupport : Spring Data JDBC - Could not safely identify store assignment for repository candidate interface com.wpmanager.models.downloads.plugin.PluginRepository; If you want this repository to be a JDBC repository, consider annotating your entities with one of these annotations: org.springframework.data.relational.core.mapping.Table.
2025-10-29T22:28:07.705+01:00  INFO 11760 --- [wpmanager-test] [           main] .RepositoryConfigurationExtensionSupport : Spring Data JDBC - Could not safely identify store assignment for repository candidate interface com.wpmanager.models.downloads.pluginCategory.PluginCategoryRepository; If you want this repository to be a JDBC repository, consider annotating your entities with one of these annotations: org.springframework.data.relational.core.mapping.Table.
2025-10-29T22:28:07.706+01:00  INFO 11760 --- [wpmanager-test] [           main] .RepositoryConfigurationExtensionSupport : Spring Data JDBC - Could not safely identify store assignment for repository candidate interface com.wpmanager.models.downloads.theme.ThemeRepository; If you want this repository to be a JDBC repository, consider annotating your entities with one of these annotations: org.springframework.data.relational.core.mapping.Table.
2025-10-29T22:28:07.707+01:00  INFO 11760 --- [wpmanager-test] [           main] .RepositoryConfigurationExtensionSupport : Spring Data JDBC - Could not safely identify store assignment for repository candidate interface com.wpmanager.models.downloads.themeCategory.ThemeCategoryRepository; If you want this repository to be a JDBC repository, consider annotating your entities with one of these annotations: org.springframework.data.relational.core.mapping.Table.
2025-10-29T22:28:07.709+01:00  INFO 11760 --- [wpmanager-test] [           main] .RepositoryConfigurationExtensionSupport : Spring Data JDBC - Could not safely identify store assignment for repository candidate interface com.wpmanager.models.files.downloadable.DownloadableRepository; If you want this repository to be a JDBC repository, consider annotating your entities with one of these annotations: org.springframework.data.relational.core.mapping.Table.
2025-10-29T22:28:07.710+01:00  INFO 11760 --- [wpmanager-test] [           main] .RepositoryConfigurationExtensionSupport : Spring Data JDBC - Could not safely identify store assignment for repository candidate interface com.wpmanager.models.files.file.FileRepository; If you want this repository to be a JDBC repository, consider annotating your entities with one of these annotations: org.springframework.data.relational.core.mapping.Table.
2025-10-29T22:28:07.713+01:00  INFO 11760 --- [wpmanager-test] [           main] .RepositoryConfigurationExtensionSupport : Spring Data JDBC - Could not safely identify store assignment for repository candidate interface com.wpmanager.models.hq.admin.AdminRepository; If you want this repository to be a JDBC repository, consider annotating your entities with one of these annotations: org.springframework.data.relational.core.mapping.Table.
2025-10-29T22:28:07.714+01:00  INFO 11760 --- [wpmanager-test] [           main] .RepositoryConfigurationExtensionSupport : Spring Data JDBC - Could not safely identify store assignment for repository candidate interface com.wpmanager.models.hq.client.ClientRepository; If you want this repository to be a JDBC repository, consider annotating your entities with one of these annotations: org.springframework.data.relational.core.mapping.Table.
2025-10-29T22:28:07.715+01:00  INFO 11760 --- [wpmanager-test] [           main] .RepositoryConfigurationExtensionSupport : Spring Data JDBC - Could not safely identify store assignment for repository candidate interface com.wpmanager.models.hq.favoriteList.FavoriteListRepository; If you want this repository to be a JDBC repository, consider annotating your entities with one of these annotations: org.springframework.data.relational.core.mapping.Table.
2025-10-29T22:28:07.717+01:00  INFO 11760 --- [wpmanager-test] [           main] .RepositoryConfigurationExtensionSupport : Spring Data JDBC - Could not safely identify store assignment for repository candidate interface com.wpmanager.models.hq.plan.PlanRepository; If you want this repository to be a JDBC repository, consider annotating your entities with one of these annotations: org.springframework.data.relational.core.mapping.Table.
2025-10-29T22:28:07.718+01:00  INFO 11760 --- [wpmanager-test] [           main] .RepositoryConfigurationExtensionSupport : Spring Data JDBC - Could not safely identify store assignment for repository candidate interface com.wpmanager.models.hq.website.WebsiteRepository; If you want this repository to be a JDBC repository, consider annotating your entities with one of these annotations: org.springframework.data.relational.core.mapping.Table.
2025-10-29T22:28:07.720+01:00  INFO 11760 --- [wpmanager-test] [           main] .RepositoryConfigurationExtensionSupport : Spring Data JDBC - Could not safely identify store assignment for repository candidate interface com.wpmanager.models.storage.s3.S3ProviderRepository; If you want this repository to be a JDBC repository, consider annotating your entities with one of these annotations: org.springframework.data.relational.core.mapping.Table.
2025-10-29T22:28:07.721+01:00  INFO 11760 --- [wpmanager-test] [           main] .RepositoryConfigurationExtensionSupport : Spring Data JDBC - Could not safely identify store assignment for repository candidate interface com.wpmanager.models.storage.storageProvider.BaseStorageProviderRepository; If you want this repository to be a JDBC repository, consider annotating your entities with one of these annotations: org.springframework.data.relational.core.mapping.Table.
2025-10-29T22:28:07.724+01:00  INFO 11760 --- [wpmanager-test] [           main] .RepositoryConfigurationExtensionSupport : Spring Data JDBC - Could not safely identify store assignment for repository candidate interface com.wpmanager.shared.idempotency.IdempotencyKeyRepository; If you want this repository to be a JDBC repository, consider annotating your entities with one of these annotations: org.springframework.data.relational.core.mapping.Table.
2025-10-29T22:28:07.725+01:00  INFO 11760 --- [wpmanager-test] [           main] .RepositoryConfigurationExtensionSupport : Spring Data JDBC - Could not safely identify store assignment for repository candidate interface com.wpmanager.shared.securityUser.BaseUserRepository; If you want this repository to be a JDBC repository, consider annotating your entities with one of these annotations: org.springframework.data.relational.core.mapping.Table.
2025-10-29T22:28:07.726+01:00  INFO 11760 --- [wpmanager-test] [           main] .s.d.r.c.RepositoryConfigurationDelegate : Finished Spring Data repository scanning in 73 ms. Found 0 JDBC repository interfaces.
2025-10-29T22:28:07.745+01:00  INFO 11760 --- [wpmanager-test] [           main] .s.d.r.c.RepositoryConfigurationDelegate : Multiple Spring Data modules found, entering strict repository configuration mode
2025-10-29T22:28:07.746+01:00  INFO 11760 --- [wpmanager-test] [           main] .s.d.r.c.RepositoryConfigurationDelegate : Bootstrapping Spring Data JPA repositories in DEFAULT mode.
2025-10-29T22:28:08.083+01:00  INFO 11760 --- [wpmanager-test] [           main] .s.d.r.c.RepositoryConfigurationDelegate : Finished Spring Data repository scanning in 303 ms. Found 16 JPA repository interfaces.
2025-10-29T22:28:08.651+01:00  WARN 11760 --- [wpmanager-test] [           main] trationDelegate$BeanPostProcessorChecker : Bean 'org.springframework.ws.config.annotation.DelegatingWsConfiguration' of type [org.springframework.ws.config.annotation.DelegatingWsConfiguration$$SpringCGLIB$$0] is not eligible for getting processed by all BeanPostProcessors (for example: not eligible for auto-proxying). The currently created BeanPostProcessor [annotationActionEndpointMapping] is declared through a non-static factory method on that class; consider declaring it as static instead.
2025-10-29T22:28:08.714+01:00  INFO 11760 --- [wpmanager-test] [           main] .w.s.a.s.AnnotationActionEndpointMapping : Supporting [WS-Addressing August 2004, WS-Addressing 1.0]
2025-10-29T22:28:08.972+01:00  INFO 11760 --- [wpmanager-test] [           main] com.zaxxer.hikari.HikariDataSource       : HikariPool-1 - Starting...
2025-10-29T22:28:09.264+01:00  INFO 11760 --- [wpmanager-test] [           main] com.zaxxer.hikari.pool.HikariPool        : HikariPool-1 - Added connection conn0: url=jdbc:h2:mem:testdb user=SA
2025-10-29T22:28:09.267+01:00  INFO 11760 --- [wpmanager-test] [           main] com.zaxxer.hikari.HikariDataSource       : HikariPool-1 - Start completed.
2025-10-29T22:28:09.478+01:00  INFO 11760 --- [wpmanager-test] [           main] o.hibernate.jpa.internal.util.LogHelper  : HHH000204: Processing PersistenceUnitInfo [name: default]
2025-10-29T22:28:09.573+01:00  INFO 11760 --- [wpmanager-test] [           main] org.hibernate.Version                    : HHH000412: Hibernate ORM core version 6.6.4.Final
2025-10-29T22:28:09.614+01:00  INFO 11760 --- [wpmanager-test] [           main] o.h.c.internal.RegionFactoryInitiator    : HHH000026: Second-level cache disabled
2025-10-29T22:28:09.954+01:00  INFO 11760 --- [wpmanager-test] [           main] o.s.o.j.p.SpringPersistenceUnitInfo      : No LoadTimeWeaver setup: ignoring JPA class transformer
2025-10-29T22:28:10.015+01:00  WARN 11760 --- [wpmanager-test] [           main] org.hibernate.orm.deprecation            : HHH90000025: H2Dialect does not need to be specified explicitly using 'hibernate.dialect' (remove the property setting and it will be selected by default)
2025-10-29T22:28:10.035+01:00  INFO 11760 --- [wpmanager-test] [           main] org.hibernate.orm.connections.pooling    : HHH10001005: Database info:
	Database JDBC URL [Connecting through datasource 'HikariDataSource (HikariPool-1)']
	Database driver: undefined/unknown
	Database version: 2.3.232
	Autocommit mode: undefined/unknown
	Isolation level: undefined/unknown
	Minimum pool size: undefined/unknown
	Maximum pool size: undefined/unknown
Hibernate: 
    create global temporary table HT_storage_provider_entity(id bigint not null, primary key (id)) TRANSACTIONAL
Hibernate: 
    create global temporary table HTE_storage_provider_entity(active boolean, default_provider boolean, images_storage boolean, port integer, secure boolean, HTE_IDENTITY bigint generated 
by
    default as identity, id bigint, access_key varchar(255), base_url varchar(255), bucket_name varchar(255), endpoint_override varchar(255), hostname varchar(255), password varchar(255), provider_name varchar(255), provider_type varchar(255), region varchar(255), remote_directory varchar(255), secret_key varchar(255), username varchar(255), primary key (HTE_IDENTITY)) TRANSACTIONAL
Hibernate: 
    create global temporary table HTE_ftp_provider(active boolean, default_provider boolean, port integer, secure boolean, HTE_IDENTITY bigint generated 
by
    default as identity, id bigint, base_url varchar(255), hostname varchar(255), password varchar(255), provider_name varchar(255), provider_type varchar(255), remote_directory varchar(255), username varchar(255), primary key (HTE_IDENTITY)) TRANSACTIONAL
Hibernate: 
    create global temporary table HTE_base_user(account_non_expired boolean, account_non_locked boolean, credentials_non_expired boolean, enabled boolean, HTE_IDENTITY bigint generated 
by
    default as identity, api_rate_limit bigint, date_created timestamp(6), id bigint, last_login timestamp(6), website_count bigint, wp_id bigint, email varchar(100), first_name varchar(100), last_name varchar(100), username varchar(100), api_key varchar(255), password varchar(255), primary key (HTE_IDENTITY)) TRANSACTIONAL
Hibernate: 
    create global temporary table HT_client(id bigint not null, primary key (id)) TRANSACTIONAL
Hibernate: 
    create global temporary table HTE_client(account_non_expired boolean, account_non_locked boolean, credentials_non_expired boolean, enabled boolean, HTE_IDENTITY bigint generated 
by
    default as identity, api_rate_limit bigint, client_plan_id bigint, date_created timestamp(6), id bigint, last_login timestamp(6), website_count bigint, wp_id bigint, email varchar(100), first_name varchar(100), last_name varchar(100), username varchar(100), api_key varchar(255), password varchar(255), primary key (HTE_IDENTITY)) TRANSACTIONAL
Hibernate: 
    create global temporary table HT_admin(id bigint not null, primary key (id)) TRANSACTIONAL
Hibernate: 
    create global temporary table HTE_admin(account_non_expired boolean, account_non_locked boolean, credentials_non_expired boolean, enabled boolean, HTE_IDENTITY bigint generated 
by
    default as identity, date_created timestamp(6), id bigint, last_login timestamp(6), email varchar(100), first_name varchar(100), last_name varchar(100), username varchar(100), password varchar(255), primary key (HTE_IDENTITY)) TRANSACTIONAL
Hibernate: 
    create global temporary table HTE_s3_provider(active boolean, default_provider boolean, images_storage boolean, HTE_IDENTITY bigint generated 
by
    default as identity, id bigint, access_key varchar(255), base_url varchar(255), bucket_name varchar(255), endpoint_override varchar(255), provider_name varchar(255), provider_type varchar(255), region varchar(255), secret_key varchar(255), primary key (HTE_IDENTITY)) TRANSACTIONAL
Hibernate: 
    create global temporary table HT_base_user(id bigint not null, primary key (id)) TRANSACTIONAL
2025-10-29T22:28:11.781+01:00  INFO 11760 --- [wpmanager-test] [           main] o.h.e.t.j.p.i.JtaPlatformInitiator       : HHH000489: No JTA platform available (set 'hibernate.transaction.jta.platform' to enable JTA platform integration)
Hibernate: 
    drop table if exists admin cascade 
Hibernate: 
    drop table if exists author cascade 
Hibernate: 
    drop table if exists base_user cascade 
Hibernate: 
    drop table if exists client cascade 
Hibernate: 
    drop table if exists client_favorite_list cascade 
Hibernate: 
    drop table if exists client_favorite_plugins cascade 
Hibernate: 
    drop table if exists client_favorite_themes cascade 
Hibernate: 
    drop table if exists downloadable cascade 
Hibernate: 
    drop table if exists favorite_list cascade 
Hibernate: 
    drop table if exists favorite_list_plugin cascade 
Hibernate: 
    drop table if exists favorite_list_theme cascade 
Hibernate: 
    drop table if exists file cascade 
Hibernate: 
    drop table if exists ftp_provider cascade 
Hibernate: 
    drop table if exists idempotency_key cascade 
Hibernate: 
    drop table if exists image cascade 
Hibernate: 
    drop table if exists plan cascade 
Hibernate: 
    drop table if exists plan_wp_ids cascade 
Hibernate: 
    drop table if exists plugin cascade 
Hibernate: 
    drop table if exists plugin_and_category cascade 
Hibernate: 
    drop table if exists plugin_category cascade 
Hibernate: 
    drop table if exists s3_provider cascade 
Hibernate: 
    drop table if exists storage_provider_entity cascade 
Hibernate: 
    drop table if exists storage_provider_entity_files cascade 
Hibernate: 
    drop table if exists theme cascade 
Hibernate: 
    drop table if exists theme_and_category cascade 
Hibernate: 
    drop table if exists theme_category cascade 
Hibernate: 
    drop table if exists user_roles cascade 
Hibernate: 
    drop table if exists website cascade 
Hibernate: 
    drop table if exists website_and_plugin cascade 
Hibernate: 
    drop table if exists website_and_theme cascade 
Hibernate: 
    create table admin (
        id bigint not null,
        primary key (id)
    )
Hibernate: 
    create table author (
        id bigint generated by default as identity,
        name varchar(255) not null unique,
        website varchar(255) not null unique,
        primary key (id)
    )
Hibernate: 
    create table base_user (
        account_non_expired boolean not null,
        account_non_locked boolean not null,
        credentials_non_expired boolean not null,
        enabled boolean not null,
        date_created timestamp(6),
        id bigint generated by default as identity,
        last_login timestamp(6),
        email varchar(100) not null unique,
        first_name varchar(100),
        last_name varchar(100),
        username varchar(100) not null unique,
        password varchar(255) not null,
        primary key (id)
    )
Hibernate: 
    create table client (
        api_rate_limit bigint,
        client_plan_id bigint,
        id bigint not null,
        website_count bigint,
        wp_id bigint not null unique,
        api_key varchar(255) unique,
        primary key (id)
    )
Hibernate: 
    create table client_favorite_list (
        client_id bigint not null,
        favorite_list_id bigint not null unique,
        primary key (client_id, favorite_list_id)
    )
Hibernate: 
    create table client_favorite_plugins (
        client_entity_id bigint not null,
        favorite_plugins_id bigint not null unique,
        primary key (client_entity_id, favorite_plugins_id)
    )
Hibernate: 
    create table client_favorite_themes (
        client_entity_id bigint not null,
        favorite_themes_id bigint not null unique,
        primary key (client_entity_id, favorite_themes_id)
    )
Hibernate: 
    create table downloadable (
        date timestamp(6),
        id bigint generated by default as identity,
        plugin_id bigint,
        theme_id bigint,
        check_sum varchar(64),
        files_signature varchar(255),
        name varchar(255),
        version varchar(255),
        primary key (id)
    )
Hibernate: 
    create table favorite_list (
        elements_count bigint,
        id bigint generated by default as identity,
        name varchar(255),
        primary key (id)
    )
Hibernate: 
    create table favorite_list_plugin (
        favorite_list_id bigint not null,
        plugin_id bigint not null,
        primary key (favorite_list_id, plugin_id)
    )
Hibernate: 
    create table favorite_list_theme (
        favorite_list_id bigint not null,
        theme_id bigint not null,
        primary key (favorite_list_id, theme_id)
    )
Hibernate: 
    create table file (
        date timestamp(6),
        downloadable_id bigint,
        id bigint generated by default as identity,
        file_signature varchar(255),
        public_url varchar(255),
        url varchar(255),
        primary key (id)
    )
Hibernate: 
    create table ftp_provider (
        port integer not null,
        secure boolean not null,
        id bigint not null,
        hostname varchar(255) not null,
        password varchar(255) not null,
        remote_directory varchar(255) not null,
        username varchar(255) not null,
        primary key (id)
    )
Hibernate: 
    create table idempotency_key (
        created_at timestamp(6) not null,
        entity_id bigint,
        expires_at timestamp(6) not null,
        id bigint generated by default as identity,
        updated_at timestamp(6),
        entity_type varchar(50),
        upload_id varchar(50),
        key_value varchar(100) not null unique,
        error_message TEXT,
        result_json TEXT,
        status enum ('COMPLETED','FAILED','PENDING','PROCESSING') not null,
        primary key (id)
    )
Hibernate: 
    create table image (
        date timestamp(6),
        id bigint generated by default as identity,
        places bigint,
        url varchar(255),
        primary key (id)
    )
Hibernate: 
    create table plan (
        download_limit bigint,
        id bigint generated by default as identity,
        website_count_limit bigint,
        name varchar(255) not null unique,
        primary key (id)
    )
Hibernate: 
    create table plan_wp_ids (
        plan_id bigint not null,
        wp_ids bigint
    )
Hibernate: 
    create table plugin (
        should_update boolean,
        author_id bigint,
        created timestamp(6),
        id bigint generated by default as identity,
        installs bigint,
        last_update timestamp(6),
        plugin_id bigint unique,
        description varchar(255),
        name varchar(255) unique,
        original_project_name varchar(255) unique,
        original_url varchar(255),
        primary key (id)
    )
Hibernate: 
    create table plugin_and_category (
        category_id bigint not null,
        plugin_id bigint not null,
        primary key (category_id, plugin_id)
    )
Hibernate: 
    create table plugin_category (
        id bigint generated by default as identity,
        number_of_elements bigint,
        name varchar(255) unique,
        primary key (id)
    )
Hibernate: 
    create table s3_provider (
        images_storage boolean,
        id bigint not null,
        access_key varchar(255) not null,
        bucket_name varchar(255) not null,
        endpoint_override varchar(255),
        region varchar(255) not null,
        secret_key varchar(255) not null,
        primary key (id)
    )
Hibernate: 
    create table storage_provider_entity (
        active boolean,
        default_provider boolean not null,
        id bigint generated by default as identity,
        base_url varchar(255),
        provider_name varchar(255) not null,
        provider_type varchar(255),
        primary key (id)
    )
Hibernate: 
    create table storage_provider_entity_files (
        files_id bigint not null unique,
        storage_provider_entity_id bigint not null,
        primary key (files_id, storage_provider_entity_id)
    )
Hibernate: 
    create table theme (
        should_update boolean,
        author_id bigint,
        created timestamp(6),
        id bigint generated by default as identity,
        installs bigint,
        last_update timestamp(6),
        theme_id bigint unique,
        description varchar(255),
        name varchar(255) unique,
        original_project_name varchar(255) unique,
        original_url varchar(255),
        primary key (id)
    )
Hibernate: 
    create table theme_and_category (
        category_id bigint not null,
        theme_id bigint not null,
        primary key (category_id, theme_id)
    )
Hibernate: 
    create table theme_category (
        id bigint generated by default as identity,
        number_of_elements bigint,
        name varchar(255) unique,
        primary key (id)
    )
Hibernate: 
    create table user_roles (
        role tinyint check (role between 0 and 2),
        user_id bigint not null
    )
Hibernate: 
    create table website (
        connected boolean,
        core_auto_update boolean,
        plugins_auto_update boolean,
        ssl_certificate boolean,
        themes_auto_update boolean,
        client_id bigint not null,
        date_created timestamp(6),
        id bigint generated by default as identity,
        last_update timestamp(6),
        pending_updates bigint,
        domain varchar(255),
        name varchar(255),
        url varchar(255),
        wp_version varchar(255),
        primary key (id)
    )
Hibernate: 
    create table website_and_plugin (
        plugin_id bigint not null,
        website_id bigint not null,
        primary key (plugin_id, website_id)
    )
Hibernate: 
    create table website_and_theme (
        theme_id bigint not null,
        website_id bigint not null,
        primary key (theme_id, website_id)
    )
Hibernate: 
    create index idx_expires_at 
       on idempotency_key (expires_at)
Hibernate: 
    alter table if exists admin 
       add constraint FK4y4emwrubxwgmaelnquqapxtj 
       foreign key (id) 
       references base_user
Hibernate: 
    alter table if exists client 
       add constraint FKinq2lvefm389q4cytf8mgv5m9 
       foreign key (client_plan_id) 
       references plan
Hibernate: 
    alter table if exists client 
       add constraint FK90edbajwq5sg58vgj7rspmii 
       foreign key (id) 
       references base_user
Hibernate: 
    alter table if exists client_favorite_list 
       add constraint FK3m2gn62wm7740nmto6gtb3mqx 
       foreign key (favorite_list_id) 
       references favorite_list
Hibernate: 
    alter table if exists client_favorite_list 
       add constraint FKjcdp1r4rj5th4rb8f8wgi2vg0 
       foreign key (client_id) 
       references client
Hibernate: 
    alter table if exists client_favorite_plugins 
       add constraint FKsd7o6u47cok9a9xa0sj2givd1 
       foreign key (favorite_plugins_id) 
       references plugin
Hibernate: 
    alter table if exists client_favorite_plugins 
       add constraint FKmxfu37sa1buimv03qkkteewxd 
       foreign key (client_entity_id) 
       references client
Hibernate: 
    alter table if exists client_favorite_themes 
       add constraint FKk82iyjwjmn490d6yg2iarjj1e 
       foreign key (favorite_themes_id) 
       references theme
Hibernate: 
    alter table if exists client_favorite_themes 
       add constraint FKkgf1bioi1h1ov7cl1askxuh20 
       foreign key (client_entity_id) 
       references client
Hibernate: 
    alter table if exists downloadable 
       add constraint FK3kn1hulm7jbwmfkaxysxwc8xg 
       foreign key (theme_id) 
       references theme
Hibernate: 
    alter table if exists downloadable 
       add constraint FK4n362cmnhi734niesegb7k1ba 
       foreign key (plugin_id) 
       references plugin
Hibernate: 
    alter table if exists favorite_list_plugin 
       add constraint FKquerasmuraeqsgk0d5fnq7vo5 
       foreign key (plugin_id) 
       references plugin
Hibernate: 
    alter table if exists favorite_list_plugin 
       add constraint FKpqpkv4micuvribrcild5yk51e 
       foreign key (favorite_list_id) 
       references favorite_list
Hibernate: 
    alter table if exists favorite_list_theme 
       add constraint FKjfy03nu9yyoj2tf1mckjkn84x 
       foreign key (theme_id) 
       references theme
Hibernate: 
    alter table if exists favorite_list_theme 
       add constraint FKi0fy3n42m6c3igixlp3d4vlt0 
       foreign key (favorite_list_id) 
       references favorite_list
Hibernate: 
    alter table if exists file 
       add constraint FKxm4hitcc12jflulyc46eg3ww 
       foreign key (downloadable_id) 
       references downloadable
Hibernate: 
    alter table if exists ftp_provider 
       add constraint FKsw65wq3k15mourlif5epbqbqx 
       foreign key (id) 
       references storage_provider_entity
Hibernate: 
    alter table if exists plan_wp_ids 
       add constraint FKja97uun6c83xk0fm6dtbppms7 
       foreign key (plan_id) 
       references plan
Hibernate: 
    alter table if exists plugin 
       add constraint FKhdkliolmegtjdomq5npqtmgrp 
       foreign key (author_id) 
       references author
Hibernate: 
    alter table if exists plugin 
       add constraint FK5li67pr6xq6ryltlv2uhrb86l 
       foreign key (plugin_id) 
       references image
Hibernate: 
    alter table if exists plugin_and_category 
       add constraint FKejcakvq4n95a5s4h2op9bxmma 
       foreign key (category_id) 
       references plugin_category
Hibernate: 
    alter table if exists plugin_and_category 
       add constraint FKgsb8nm1rbf8w997jh4vqp5mgp 
       foreign key (plugin_id) 
       references plugin
Hibernate: 
    alter table if exists s3_provider 
       add constraint FKimp0ttf9k4gfward2b5578423 
       foreign key (id) 
       references storage_provider_entity
Hibernate: 
    alter table if exists storage_provider_entity_files 
       add constraint FK6wmnylirna8satyfsnq5nx6tb 
       foreign key (files_id) 
       references file
Hibernate: 
    alter table if exists storage_provider_entity_files 
       add constraint FK4yc8o6u1n6dfeusbm2vm5ofii 
       foreign key (storage_provider_entity_id) 
       references storage_provider_entity
Hibernate: 
    alter table if exists theme 
       add constraint FKnjsmyggiucx1qik6qbckt60yq 
       foreign key (author_id) 
       references author
Hibernate: 
    alter table if exists theme 
       add constraint FK812hegvhsldkqhsvbynk4fm4r 
       foreign key (theme_id) 
       references image
Hibernate: 
    alter table if exists theme_and_category 
       add constraint FKqxfkcs1k4yt6i9gnn5e0g2ytd 
       foreign key (category_id) 
       references theme_category
Hibernate: 
    alter table if exists theme_and_category 
       add constraint FKropwr52asto6qvlpj44pxdvo0 
       foreign key (theme_id) 
       references theme
Hibernate: 
    alter table if exists user_roles 
       add constraint FKpvbp5n3m7opkt91gn0fdk3ybb 
       foreign key (user_id) 
       references base_user
Hibernate: 
    alter table if exists website 
       add constraint FK5lgbb1vwqs8ldamqx3ahtn0r9 
       foreign key (client_id) 
       references client
Hibernate: 
    alter table if exists website_and_plugin 
       add constraint FKp3w4ee8jibtthrtyov62ey6e 
       foreign key (plugin_id) 
       references plugin
Hibernate: 
    alter table if exists website_and_plugin 
       add constraint FKawoyp9rkaefpcm5mtaqfi8aft 
       foreign key (website_id) 
       references website
Hibernate: 
    alter table if exists website_and_theme 
       add constraint FKf3n91a4024enfjwh4haw9pamt 
       foreign key (theme_id) 
       references theme
Hibernate: 
    alter table if exists website_and_theme 
       add constraint FKaea2kmx591maxsbko9nfx82se 
       foreign key (website_id) 
       references website
2025-10-29T22:28:11.904+01:00  INFO 11760 --- [wpmanager-test] [           main] j.LocalContainerEntityManagerFactoryBean : Initialized JPA EntityManagerFactory for persistence unit 'default'
2025-10-29T22:28:12.504+01:00  INFO 11760 --- [wpmanager-test] [           main] o.s.d.j.r.query.QueryEnhancerFactory     : Hibernate is in classpath; If applicable, HQL parser will be used.
2025-10-29T22:28:14.253+01:00  INFO 11760 --- [wpmanager-test] [           main] r$InitializeUserDetailsManagerConfigurer : Global AuthenticationManager configured with UserDetailsService bean with name securityUserServiceImpl
2025-10-29T22:28:15.627+01:00  INFO 11760 --- [wpmanager-test] [           main] o.s.b.t.m.w.SpringBootMockServletContext : Initializing Spring TestDispatcherServlet ''
2025-10-29T22:28:15.627+01:00  INFO 11760 --- [wpmanager-test] [           main] o.s.t.web.servlet.TestDispatcherServlet  : Initializing Servlet ''
2025-10-29T22:28:15.629+01:00  INFO 11760 --- [wpmanager-test] [           main] o.s.t.web.servlet.TestDispatcherServlet  : Completed initialization in 2 ms
2025-10-29T22:28:15.771+01:00  INFO 11760 --- [wpmanager-test] [           main] c.wpmanager.models.author.E2EAuthorTest  : Started E2EAuthorTest in 9.691 seconds (process running for 11.703)
2025-10-29T22:28:15.776+01:00  INFO 11760 --- [wpmanager-test] [           main] o.s.b.a.b.JobLauncherApplicationRunner   : Running default command line with: []
Hibernate: 
    select
        count(*) 
    from
        admin ae1_0
Hibernate: 
    select
        ike1_0.id,
        ike1_0.created_at,
        ike1_0.entity_id,
        ike1_0.entity_type,
        ike1_0.error_message,
        ike1_0.expires_at,
        ike1_0.key_value,
        ike1_0.result_json,
        ike1_0.status,
        ike1_0.updated_at,
        ike1_0.upload_id 
    from
        idempotency_key ike1_0 
    where
        ike1_0.expires_at<?
2025-10-29T22:28:15.906+01:00  INFO 11760 --- [wpmanager-test] [   scheduling-1] c.w.schedule.IdempotencyKeyCleanup       : Found 0 expired idempotency keys to clean up
2025-10-29T22:28:15.908+01:00  INFO 11760 --- [wpmanager-test] [           main] c.w.c.boostrap.AdminBoostrap             : Admin count: 0
2025-10-29T22:28:15.908+01:00  INFO 11760 --- [wpmanager-test] [           main] c.w.c.boostrap.AdminBoostrap             : Creating first admin
Hibernate: 
    delete 
    from
        idempotency_key ike1_0 
    where
        ike1_0.expires_at<?
2025-10-29T22:28:15.917+01:00  INFO 11760 --- [wpmanager-test] [   scheduling-1] c.w.schedule.IdempotencyKeyCleanup       : Successfully cleaned up 0 expired idempotency keys
2025-10-29T22:28:16.087+01:00  INFO 11760 --- [wpmanager-test] [           main] c.w.c.boostrap.AdminBoostrap             : Admin form created, inserting
Hibernate: 
    insert 
    into
        base_user
        (account_non_expired, account_non_locked, credentials_non_expired, date_created, email, enabled, first_name, last_login, last_name, password, username, id) 
    values
        (?, ?, ?, ?, ?, ?, ?, ?, ?, ?, ?, default)
Hibernate: 
    insert 
    into
        admin
        (id) 
    values
        (?)
Hibernate: 
    insert 
    into
        user_roles
        (user_id, role) 
    values
        (?, ?)
2025-10-29T22:28:16.150+01:00  INFO 11760 --- [wpmanager-test] [           main] c.w.c.boostrap.AdminBoostrap             : Admin inserted
Hibernate: 
    insert 
    into
        author
        (name, website, id) 
    values
        (?, ?, default)
]]></system-out>
    <system-err><![CDATA[Mockito is currently self-attaching to enable the inline-mock-maker. This will no longer work in future releases of the JDK. Please add Mockito as an agent to your build what is described in Mockito's documentation: https://javadoc.io/doc/org.mockito/mockito-core/latest/org/mockito/Mockito.html#0.3
]]></system-err>
  </testcase>
  <testcase name="deleteAuthorWithInvalidJWTToken_ShouldFail" classname="com.wpmanager.models.author.E2EAuthorTest$DeleteAuthorTest" time="0.188">
    <system-out><![CDATA[Hibernate: 
    insert 
    into
        base_user
        (account_non_expired, account_non_locked, credentials_non_expired, date_created, email, enabled, first_name, last_login, last_name, password, username, id) 
    values
        (?, ?, ?, ?, ?, ?, ?, ?, ?, ?, ?, default)
Hibernate: 
    insert 
    into
        admin
        (id) 
    values
        (?)
Hibernate: 
    insert 
    into
        user_roles
        (user_id, role) 
    values
        (?, ?)
Hibernate: 
    insert 
    into
        base_user
        (account_non_expired, account_non_locked, credentials_non_expired, date_created, email, enabled, first_name, last_login, last_name, password, username, id) 
    values
        (?, ?, ?, ?, ?, ?, ?, ?, ?, ?, ?, default)
Hibernate: 
    insert 
    into
        client
        (api_key, api_rate_limit, client_plan_id, website_count, wp_id, id) 
    values
        (?, ?, ?, ?, ?, ?)
Hibernate: 
    insert 
    into
        user_roles
        (user_id, role) 
    values
        (?, ?)
Hibernate: 
    insert 
    into
        author
        (name, website, id) 
    values
        (?, ?, default)
]]></system-out>
  </testcase>
  <testcase name="deleteAuthorWithVeryLargeId_ShouldFail" classname="com.wpmanager.models.author.E2EAuthorTest$DeleteAuthorTest" time="0.107">
    <system-out><![CDATA[Hibernate: 
    insert 
    into
        base_user
        (account_non_expired, account_non_locked, credentials_non_expired, date_created, email, enabled, first_name, last_login, last_name, password, username, id) 
    values
        (?, ?, ?, ?, ?, ?, ?, ?, ?, ?, ?, default)
Hibernate: 
    insert 
    into
        admin
        (id) 
    values
        (?)
Hibernate: 
    insert 
    into
        user_roles
        (user_id, role) 
    values
        (?, ?)
Hibernate: 
    insert 
    into
        base_user
        (account_non_expired, account_non_locked, credentials_non_expired, date_created, email, enabled, first_name, last_login, last_name, password, username, id) 
    values
        (?, ?, ?, ?, ?, ?, ?, ?, ?, ?, ?, default)
Hibernate: 
    insert 
    into
        client
        (api_key, api_rate_limit, client_plan_id, website_count, wp_id, id) 
    values
        (?, ?, ?, ?, ?, ?)
Hibernate: 
    insert 
    into
        user_roles
        (user_id, role) 
    values
        (?, ?)
Hibernate: 
    select
        bue1_0.id,
        case 
            when bue1_1.id is not null 
                then 1 
            when bue1_2.id is not null 
                then 2 
        end,
        bue1_0.account_non_expired,
        bue1_0.account_non_locked,
        bue1_0.credentials_non_expired,
        bue1_0.date_created,
        bue1_0.email,
        bue1_0.enabled,
        bue1_0.first_name,
        bue1_0.last_login,
        bue1_0.last_name,
        bue1_0.password,
        bue1_0.username,
        bue1_2.api_key,
        bue1_2.api_rate_limit,
        bue1_2.client_plan_id,
        bue1_2.website_count,
        bue1_2.wp_id 
    from
        base_user bue1_0 
    left join
        admin bue1_1 
            on bue1_0.id=bue1_1.id 
    left join
        client bue1_2 
            on bue1_0.id=bue1_2.id 
    where
        bue1_0.username=?
Hibernate: 
    select
        r1_0.user_id,
        r1_0.role 
    from
        user_roles r1_0 
    where
        r1_0.user_id=?
Hibernate: 
    select
        count(*) 
    from
        author ae1_0 
    where
        ae1_0.id=?
2025-10-29T22:28:17.073+01:00 ERROR 11760 --- [wpmanager-test] [           main] c.w.m.downloads.author.AuthorService     : Author with ID 9223372036854775807 not found
]]></system-out>
  </testcase>
  <testcase name="deleteAuthorWithClientRole_ShouldFail" classname="com.wpmanager.models.author.E2EAuthorTest$DeleteAuthorTest" time="0.033">
    <system-out><![CDATA[Hibernate: 
    insert 
    into
        base_user
        (account_non_expired, account_non_locked, credentials_non_expired, date_created, email, enabled, first_name, last_login, last_name, password, username, id) 
    values
        (?, ?, ?, ?, ?, ?, ?, ?, ?, ?, ?, default)
Hibernate: 
    insert 
    into
        admin
        (id) 
    values
        (?)
Hibernate: 
    insert 
    into
        user_roles
        (user_id, role) 
    values
        (?, ?)
Hibernate: 
    insert 
    into
        base_user
        (account_non_expired, account_non_locked, credentials_non_expired, date_created, email, enabled, first_name, last_login, last_name, password, username, id) 
    values
        (?, ?, ?, ?, ?, ?, ?, ?, ?, ?, ?, default)
Hibernate: 
    insert 
    into
        client
        (api_key, api_rate_limit, client_plan_id, website_count, wp_id, id) 
    values
        (?, ?, ?, ?, ?, ?)
Hibernate: 
    insert 
    into
        user_roles
        (user_id, role) 
    values
        (?, ?)
Hibernate: 
    insert 
    into
        author
        (name, website, id) 
    values
        (?, ?, default)
Hibernate: 
    select
        bue1_0.id,
        case 
            when bue1_1.id is not null 
                then 1 
            when bue1_2.id is not null 
                then 2 
        end,
        bue1_0.account_non_expired,
        bue1_0.account_non_locked,
        bue1_0.credentials_non_expired,
        bue1_0.date_created,
        bue1_0.email,
        bue1_0.enabled,
        bue1_0.first_name,
        bue1_0.last_login,
        bue1_0.last_name,
        bue1_0.password,
        bue1_0.username,
        bue1_2.api_key,
        bue1_2.api_rate_limit,
        bue1_2.client_plan_id,
        bue1_2.website_count,
        bue1_2.wp_id 
    from
        base_user bue1_0 
    left join
        admin bue1_1 
            on bue1_0.id=bue1_1.id 
    left join
        client bue1_2 
            on bue1_0.id=bue1_2.id 
    where
        bue1_0.username=?
Hibernate: 
    select
        w1_0.client_id,
        w1_0.id,
        w1_0.plugins_auto_update,
        w1_0.connected,
        w1_0.core_auto_update,
        w1_0.date_created,
        w1_0.domain,
        w1_0.last_update,
        w1_0.name,
        w1_0.pending_updates,
        w1_0.ssl_certificate,
        w1_0.themes_auto_update,
        w1_0.url,
        w1_0.wp_version 
    from
        website w1_0 
    where
        w1_0.client_id=?
Hibernate: 
    select
        r1_0.user_id,
        r1_0.role 
    from
        user_roles r1_0 
    where
        r1_0.user_id=?
]]></system-out>
  </testcase>
  <testcase name="deleteNonExistentAuthor_WithAdminRole_ShouldFail" classname="com.wpmanager.models.author.E2EAuthorTest$DeleteAuthorTest" time="0.065">
    <system-out><![CDATA[Hibernate: 
    insert 
    into
        base_user
        (account_non_expired, account_non_locked, credentials_non_expired, date_created, email, enabled, first_name, last_login, last_name, password, username, id) 
    values
        (?, ?, ?, ?, ?, ?, ?, ?, ?, ?, ?, default)
Hibernate: 
    insert 
    into
        admin
        (id) 
    values
        (?)
Hibernate: 
    insert 
    into
        user_roles
        (user_id, role) 
    values
        (?, ?)
Hibernate: 
    insert 
    into
        base_user
        (account_non_expired, account_non_locked, credentials_non_expired, date_created, email, enabled, first_name, last_login, last_name, password, username, id) 
    values
        (?, ?, ?, ?, ?, ?, ?, ?, ?, ?, ?, default)
Hibernate: 
    insert 
    into
        client
        (api_key, api_rate_limit, client_plan_id, website_count, wp_id, id) 
    values
        (?, ?, ?, ?, ?, ?)
Hibernate: 
    insert 
    into
        user_roles
        (user_id, role) 
    values
        (?, ?)
Hibernate: 
    insert 
    into
        author
        (name, website, id) 
    values
        (?, ?, default)
Hibernate: 
    insert 
    into
        plugin
        (author_id, created, description, last_update, plugin_id, name, installs, original_project_name, original_url, should_update, id) 
    values
        (?, ?, ?, ?, ?, ?, ?, ?, ?, ?, default)
Hibernate: 
    insert 
    into
        plugin
        (author_id, created, description, last_update, plugin_id, name, installs, original_project_name, original_url, should_update, id) 
    values
        (?, ?, ?, ?, ?, ?, ?, ?, ?, ?, default)
Hibernate: 
    insert 
    into
        theme
        (author_id, created, description, last_update, theme_id, name, installs, original_project_name, original_url, should_update, id) 
    values
        (?, ?, ?, ?, ?, ?, ?, ?, ?, ?, default)
Hibernate: 
    insert 
    into
        theme
        (author_id, created, description, last_update, theme_id, name, installs, original_project_name, original_url, should_update, id) 
    values
        (?, ?, ?, ?, ?, ?, ?, ?, ?, ?, default)
Hibernate: 
    insert 
    into
        author
        (name, website, id) 
    values
        (?, ?, default)
Hibernate: 
    insert 
    into
        plugin
        (author_id, created, description, last_update, plugin_id, name, installs, original_project_name, original_url, should_update, id) 
    values
        (?, ?, ?, ?, ?, ?, ?, ?, ?, ?, default)
Hibernate: 
    insert 
    into
        plugin
        (author_id, created, description, last_update, plugin_id, name, installs, original_project_name, original_url, should_update, id) 
    values
        (?, ?, ?, ?, ?, ?, ?, ?, ?, ?, default)
Hibernate: 
    insert 
    into
        theme
        (author_id, created, description, last_update, theme_id, name, installs, original_project_name, original_url, should_update, id) 
    values
        (?, ?, ?, ?, ?, ?, ?, ?, ?, ?, default)
Hibernate: 
    insert 
    into
        theme
        (author_id, created, description, last_update, theme_id, name, installs, original_project_name, original_url, should_update, id) 
    values
        (?, ?, ?, ?, ?, ?, ?, ?, ?, ?, default)
Hibernate: 
    insert 
    into
        author
        (name, website, id) 
    values
        (?, ?, default)
Hibernate: 
    insert 
    into
        plugin
        (author_id, created, description, last_update, plugin_id, name, installs, original_project_name, original_url, should_update, id) 
    values
        (?, ?, ?, ?, ?, ?, ?, ?, ?, ?, default)
Hibernate: 
    insert 
    into
        plugin
        (author_id, created, description, last_update, plugin_id, name, installs, original_project_name, original_url, should_update, id) 
    values
        (?, ?, ?, ?, ?, ?, ?, ?, ?, ?, default)
Hibernate: 
    insert 
    into
        theme
        (author_id, created, description, last_update, theme_id, name, installs, original_project_name, original_url, should_update, id) 
    values
        (?, ?, ?, ?, ?, ?, ?, ?, ?, ?, default)
Hibernate: 
    insert 
    into
        theme
        (author_id, created, description, last_update, theme_id, name, installs, original_project_name, original_url, should_update, id) 
    values
        (?, ?, ?, ?, ?, ?, ?, ?, ?, ?, default)
Hibernate: 
    select
        bue1_0.id,
        case 
            when bue1_1.id is not null 
                then 1 
            when bue1_2.id is not null 
                then 2 
        end,
        bue1_0.account_non_expired,
        bue1_0.account_non_locked,
        bue1_0.credentials_non_expired,
        bue1_0.date_created,
        bue1_0.email,
        bue1_0.enabled,
        bue1_0.first_name,
        bue1_0.last_login,
        bue1_0.last_name,
        bue1_0.password,
        bue1_0.username,
        bue1_2.api_key,
        bue1_2.api_rate_limit,
        bue1_2.client_plan_id,
        bue1_2.website_count,
        bue1_2.wp_id 
    from
        base_user bue1_0 
    left join
        admin bue1_1 
            on bue1_0.id=bue1_1.id 
    left join
        client bue1_2 
            on bue1_0.id=bue1_2.id 
    where
        bue1_0.username=?
Hibernate: 
    select
        r1_0.user_id,
        r1_0.role 
    from
        user_roles r1_0 
    where
        r1_0.user_id=?
Hibernate: 
    select
        count(*) 
    from
        author ae1_0 
    where
        ae1_0.id=?
2025-10-29T22:28:17.185+01:00 ERROR 11760 --- [wpmanager-test] [           main] c.w.m.downloads.author.AuthorService     : Author with ID 999 not found
]]></system-out>
  </testcase>
  <testcase name="deleteAuthorWithMalformedAuthHeader_ShouldFail" classname="com.wpmanager.models.author.E2EAuthorTest$DeleteAuthorTest" time="0.016">
    <system-out><![CDATA[Hibernate: 
    insert 
    into
        author
        (name, website, id) 
    values
        (?, ?, default)
]]></system-out>
  </testcase>
  <testcase name="deleteAuthorWithInvalidIdFormat_WithAdminRole_ShouldFail" classname="com.wpmanager.models.author.E2EAuthorTest$DeleteAuthorTest" time="0.029">
    <system-out><![CDATA[Hibernate: 
    insert 
    into
        base_user
        (account_non_expired, account_non_locked, credentials_non_expired, date_created, email, enabled, first_name, last_login, last_name, password, username, id) 
    values
        (?, ?, ?, ?, ?, ?, ?, ?, ?, ?, ?, default)
Hibernate: 
    insert 
    into
        admin
        (id) 
    values
        (?)
Hibernate: 
    insert 
    into
        user_roles
        (user_id, role) 
    values
        (?, ?)
Hibernate: 
    insert 
    into
        base_user
        (account_non_expired, account_non_locked, credentials_non_expired, date_created, email, enabled, first_name, last_login, last_name, password, username, id) 
    values
        (?, ?, ?, ?, ?, ?, ?, ?, ?, ?, ?, default)
Hibernate: 
    insert 
    into
        client
        (api_key, api_rate_limit, client_plan_id, website_count, wp_id, id) 
    values
        (?, ?, ?, ?, ?, ?)
Hibernate: 
    insert 
    into
        user_roles
        (user_id, role) 
    values
        (?, ?)
Hibernate: 
    select
        bue1_0.id,
        case 
            when bue1_1.id is not null 
                then 1 
            when bue1_2.id is not null 
                then 2 
        end,
        bue1_0.account_non_expired,
        bue1_0.account_non_locked,
        bue1_0.credentials_non_expired,
        bue1_0.date_created,
        bue1_0.email,
        bue1_0.enabled,
        bue1_0.first_name,
        bue1_0.last_login,
        bue1_0.last_name,
        bue1_0.password,
        bue1_0.username,
        bue1_2.api_key,
        bue1_2.api_rate_limit,
        bue1_2.client_plan_id,
        bue1_2.website_count,
        bue1_2.wp_id 
    from
        base_user bue1_0 
    left join
        admin bue1_1 
            on bue1_0.id=bue1_1.id 
    left join
        client bue1_2 
            on bue1_0.id=bue1_2.id 
    where
        bue1_0.username=?
Hibernate: 
    select
        r1_0.user_id,
        r1_0.role 
    from
        user_roles r1_0 
    where
        r1_0.user_id=?
]]></system-out>
  </testcase>
  <testcase name="deleteAuthorWithoutRelations_WithAdminRole_ShouldSucceed" classname="com.wpmanager.models.author.E2EAuthorTest$DeleteAuthorTest" time="0.073">
    <system-out><![CDATA[Hibernate: 
    insert 
    into
        base_user
        (account_non_expired, account_non_locked, credentials_non_expired, date_created, email, enabled, first_name, last_login, last_name, password, username, id) 
    values
        (?, ?, ?, ?, ?, ?, ?, ?, ?, ?, ?, default)
Hibernate: 
    insert 
    into
        admin
        (id) 
    values
        (?)
Hibernate: 
    insert 
    into
        user_roles
        (user_id, role) 
    values
        (?, ?)
Hibernate: 
    insert 
    into
        base_user
        (account_non_expired, account_non_locked, credentials_non_expired, date_created, email, enabled, first_name, last_login, last_name, password, username, id) 
    values
        (?, ?, ?, ?, ?, ?, ?, ?, ?, ?, ?, default)
Hibernate: 
    insert 
    into
        client
        (api_key, api_rate_limit, client_plan_id, website_count, wp_id, id) 
    values
        (?, ?, ?, ?, ?, ?)
Hibernate: 
    insert 
    into
        user_roles
        (user_id, role) 
    values
        (?, ?)
Hibernate: 
    insert 
    into
        author
        (name, website, id) 
    values
        (?, ?, default)
Hibernate: 
    select
        bue1_0.id,
        case 
            when bue1_1.id is not null 
                then 1 
            when bue1_2.id is not null 
                then 2 
        end,
        bue1_0.account_non_expired,
        bue1_0.account_non_locked,
        bue1_0.credentials_non_expired,
        bue1_0.date_created,
        bue1_0.email,
        bue1_0.enabled,
        bue1_0.first_name,
        bue1_0.last_login,
        bue1_0.last_name,
        bue1_0.password,
        bue1_0.username,
        bue1_2.api_key,
        bue1_2.api_rate_limit,
        bue1_2.client_plan_id,
        bue1_2.website_count,
        bue1_2.wp_id 
    from
        base_user bue1_0 
    left join
        admin bue1_1 
            on bue1_0.id=bue1_1.id 
    left join
        client bue1_2 
            on bue1_0.id=bue1_2.id 
    where
        bue1_0.username=?
Hibernate: 
    select
        r1_0.user_id,
        r1_0.role 
    from
        user_roles r1_0 
    where
        r1_0.user_id=?
Hibernate: 
    select
        count(*) 
    from
        author ae1_0 
    where
        ae1_0.id=?
Hibernate: 
    select
        count(pe1_0.id) 
    from
        plugin pe1_0 
    left join
        author a1_0 
            on a1_0.id=pe1_0.author_id 
    where
        a1_0.id=?
Hibernate: 
    select
        count(te1_0.id) 
    from
        theme te1_0 
    left join
        author a1_0 
            on a1_0.id=te1_0.author_id 
    where
        a1_0.id=?
Hibernate: 
    select
        ae1_0.id,
        ae1_0.name,
        ae1_0.website 
    from
        author ae1_0 
    where
        ae1_0.id=?
Hibernate: 
    select
        p1_0.author_id,
        p1_0.id,
        p1_0.created,
        p1_0.description,
        p1_0.last_update,
        mi1_0.id,
        mi1_0.date,
        mi1_0.places,
        mi1_0.url,
        p1_0.name,
        p1_0.installs,
        p1_0.original_project_name,
        p1_0.original_url,
        p1_0.should_update 
    from
        plugin p1_0 
    left join
        image mi1_0 
            on mi1_0.id=p1_0.plugin_id 
    where
        p1_0.author_id=?
Hibernate: 
    select
        t1_0.author_id,
        t1_0.id,
        t1_0.created,
        t1_0.description,
        t1_0.last_update,
        mi1_0.id,
        mi1_0.date,
        mi1_0.places,
        mi1_0.url,
        t1_0.name,
        t1_0.installs,
        t1_0.original_project_name,
        t1_0.original_url,
        t1_0.should_update 
    from
        theme t1_0 
    left join
        image mi1_0 
            on mi1_0.id=t1_0.theme_id 
    where
        t1_0.author_id=?
Hibernate: 
    delete 
    from
        author 
    where
        id=?
Hibernate: 
    select
        ae1_0.id,
        ae1_0.name,
        ae1_0.website 
    from
        author ae1_0 
    where
        ae1_0.id=?
]]></system-out>
  </testcase>
  <testcase name="deleteAuthorWithRelations_WithAdminRole_ShouldFail" classname="com.wpmanager.models.author.E2EAuthorTest$DeleteAuthorTest" time="0.056">
    <system-out><![CDATA[Hibernate: 
    insert 
    into
        base_user
        (account_non_expired, account_non_locked, credentials_non_expired, date_created, email, enabled, first_name, last_login, last_name, password, username, id) 
    values
        (?, ?, ?, ?, ?, ?, ?, ?, ?, ?, ?, default)
Hibernate: 
    insert 
    into
        admin
        (id) 
    values
        (?)
Hibernate: 
    insert 
    into
        user_roles
        (user_id, role) 
    values
        (?, ?)
Hibernate: 
    insert 
    into
        base_user
        (account_non_expired, account_non_locked, credentials_non_expired, date_created, email, enabled, first_name, last_login, last_name, password, username, id) 
    values
        (?, ?, ?, ?, ?, ?, ?, ?, ?, ?, ?, default)
Hibernate: 
    insert 
    into
        client
        (api_key, api_rate_limit, client_plan_id, website_count, wp_id, id) 
    values
        (?, ?, ?, ?, ?, ?)
Hibernate: 
    insert 
    into
        user_roles
        (user_id, role) 
    values
        (?, ?)
Hibernate: 
    insert 
    into
        author
        (name, website, id) 
    values
        (?, ?, default)
Hibernate: 
    insert 
    into
        plugin
        (author_id, created, description, last_update, plugin_id, name, installs, original_project_name, original_url, should_update, id) 
    values
        (?, ?, ?, ?, ?, ?, ?, ?, ?, ?, default)
Hibernate: 
    insert 
    into
        plugin
        (author_id, created, description, last_update, plugin_id, name, installs, original_project_name, original_url, should_update, id) 
    values
        (?, ?, ?, ?, ?, ?, ?, ?, ?, ?, default)
Hibernate: 
    insert 
    into
        theme
        (author_id, created, description, last_update, theme_id, name, installs, original_project_name, original_url, should_update, id) 
    values
        (?, ?, ?, ?, ?, ?, ?, ?, ?, ?, default)
Hibernate: 
    insert 
    into
        theme
        (author_id, created, description, last_update, theme_id, name, installs, original_project_name, original_url, should_update, id) 
    values
        (?, ?, ?, ?, ?, ?, ?, ?, ?, ?, default)
Hibernate: 
    insert 
    into
        author
        (name, website, id) 
    values
        (?, ?, default)
Hibernate: 
    insert 
    into
        plugin
        (author_id, created, description, last_update, plugin_id, name, installs, original_project_name, original_url, should_update, id) 
    values
        (?, ?, ?, ?, ?, ?, ?, ?, ?, ?, default)
Hibernate: 
    insert 
    into
        plugin
        (author_id, created, description, last_update, plugin_id, name, installs, original_project_name, original_url, should_update, id) 
    values
        (?, ?, ?, ?, ?, ?, ?, ?, ?, ?, default)
Hibernate: 
    insert 
    into
        theme
        (author_id, created, description, last_update, theme_id, name, installs, original_project_name, original_url, should_update, id) 
    values
        (?, ?, ?, ?, ?, ?, ?, ?, ?, ?, default)
Hibernate: 
    insert 
    into
        theme
        (author_id, created, description, last_update, theme_id, name, installs, original_project_name, original_url, should_update, id) 
    values
        (?, ?, ?, ?, ?, ?, ?, ?, ?, ?, default)
Hibernate: 
    insert 
    into
        author
        (name, website, id) 
    values
        (?, ?, default)
Hibernate: 
    insert 
    into
        plugin
        (author_id, created, description, last_update, plugin_id, name, installs, original_project_name, original_url, should_update, id) 
    values
        (?, ?, ?, ?, ?, ?, ?, ?, ?, ?, default)
Hibernate: 
    insert 
    into
        plugin
        (author_id, created, description, last_update, plugin_id, name, installs, original_project_name, original_url, should_update, id) 
    values
        (?, ?, ?, ?, ?, ?, ?, ?, ?, ?, default)
Hibernate: 
    insert 
    into
        theme
        (author_id, created, description, last_update, theme_id, name, installs, original_project_name, original_url, should_update, id) 
    values
        (?, ?, ?, ?, ?, ?, ?, ?, ?, ?, default)
Hibernate: 
    insert 
    into
        theme
        (author_id, created, description, last_update, theme_id, name, installs, original_project_name, original_url, should_update, id) 
    values
        (?, ?, ?, ?, ?, ?, ?, ?, ?, ?, default)
Hibernate: 
    select
        bue1_0.id,
        case 
            when bue1_1.id is not null 
                then 1 
            when bue1_2.id is not null 
                then 2 
        end,
        bue1_0.account_non_expired,
        bue1_0.account_non_locked,
        bue1_0.credentials_non_expired,
        bue1_0.date_created,
        bue1_0.email,
        bue1_0.enabled,
        bue1_0.first_name,
        bue1_0.last_login,
        bue1_0.last_name,
        bue1_0.password,
        bue1_0.username,
        bue1_2.api_key,
        bue1_2.api_rate_limit,
        bue1_2.client_plan_id,
        bue1_2.website_count,
        bue1_2.wp_id 
    from
        base_user bue1_0 
    left join
        admin bue1_1 
            on bue1_0.id=bue1_1.id 
    left join
        client bue1_2 
            on bue1_0.id=bue1_2.id 
    where
        bue1_0.username=?
Hibernate: 
    select
        r1_0.user_id,
        r1_0.role 
    from
        user_roles r1_0 
    where
        r1_0.user_id=?
Hibernate: 
    select
        count(*) 
    from
        author ae1_0 
    where
        ae1_0.id=?
Hibernate: 
    select
        count(pe1_0.id) 
    from
        plugin pe1_0 
    left join
        author a1_0 
            on a1_0.id=pe1_0.author_id 
    where
        a1_0.id=?
Hibernate: 
    select
        count(te1_0.id) 
    from
        theme te1_0 
    left join
        author a1_0 
            on a1_0.id=te1_0.author_id 
    where
        a1_0.id=?
2025-10-29T22:28:17.370+01:00 ERROR 11760 --- [wpmanager-test] [           main] c.w.m.downloads.author.AuthorService     : Cannot delete author with ID 9 due to existing dependencies: 2 plugins and 2 themes
Hibernate: 
    select
        ae1_0.id,
        ae1_0.name,
        ae1_0.website 
    from
        author ae1_0 
    where
        ae1_0.id=?
]]></system-out>
  </testcase>
</testsuite>